[2026-04-03 11:42:12] reset_otp email=tututu7444@gmail.com otp=748999 sent=no
[2026-04-03 11:42:18] reset_otp email=tututu7444@gmail.com otp=617794 sent=no
[2026-04-03 11:42:32] reset_otp email=tututu7444@gmail.com otp=725188 sent=no
[2026-04-03 11:49:54] reset_otp email=tututu7444@gmail.com otp=530400 sent=no error=mail() failed
[2026-04-03 11:50:03] reset_otp email=tututu7444@gmail.com otp=488534 sent=no error=mail() failed
[2026-04-03 11:52:06] reset_otp email=tututu@gmail.com otp=837560 sent=no error=mail() failed
[2026-04-03 12:01:43] reset_otp email=tututu7444@gmail.com otp=391375 sent=no error=SMTP Error: Could not authenticate.
[2026-04-03 12:02:22] reset_otp email=tututu7444@gmail.com otp=235859 sent=no error=SMTP Error: Could not authenticate.
[2026-04-03 12:13:04] reset_otp email=tututu7444@gmail.com otp=654321 sent=yes error=-
[2026-04-03 12:13:45] reset_otp email=tututu7444@gmail.com otp=780711 sent=yes error=-
[2026-04-03 12:13:58] reset_otp email=tututu7444@gmail.com otp=711711 sent=yes error=-
[2026-04-03 12:16:17] reset_otp email=tututu7444@gmail.com otp=341049 sent=no error=SMTP Error: Could not authenticate.
[2026-04-03 12:16:24] reset_otp email=tututu7444@gmail.com otp=170908 sent=no error=SMTP Error: Could not authenticate.
[2026-04-03 12:16:36] reset_otp email=tututu@gmail.com otp=830930 sent=no error=SMTP Error: Could not authenticate.
[2026-04-03 12:16:50] reset_otp email=tututu7444@gmail.com otp=937710 sent=no error=SMTP Error: Could not authenticate.
[2026-04-03 12:19:25] reset_otp email=tututu7444@gmail.com otp=626006 sent=no error=SMTP Error: Could not authenticate.
[2026-04-03 12:20:36] reset_otp email=tututu7444@gmail.com otp=321493 sent=no error=SMTP Error: Could not authenticate.
[2026-04-03 12:24:32] reset_otp email=tututu7444@gmail.com otp=759597 sent=no error=SMTP Error: Could not authenticate.
[2026-04-03 12:31:01] reset_otp email=tub2306648@gmail.com otp=216492 sent=no error=SMTP Error: Could not authenticate.
[2026-04-03 12:43:38] reset_otp email=tub2306648@gmail.com otp=221290 sent=no error=SMTP Error: Could not authenticate.
[2026-04-04 06:41:14] reset_otp email=tututu7444@gmail.com otp=656900 sent=yes error=-
[2026-04-04 06:43:58] reset_otp email=tututu7444@gmail.com otp=672652 sent=yes error=-
[2026-04-04 06:49:09] reset_otp email=tututu7444@gmail.com otp=817321 sent=yes error=-
[2026-04-04 06:55:59] reset_otp email=tututu7444@gmail.com otp=249453 sent=yes error=-
[2026-04-04 06:57:41] reset_otp email=tututu7444@gmail.com otp=789240 sent=yes error=-
[2026-04-04 07:03:13] reset_otp email=tututu7444@gmail.com otp=709364 sent=yes error=-
[2026-04-04 07:05:07] reset_otp email=tub2306648@gmail.com otp=649459 sent=yes error=-
[2026-04-04 07:07:59] reset_otp email=tub2306648@gmail.com otp=364029 sent=yes error=-
[2026-04-04 07:09:05] reset_otp email=tub2306648@gmail.com otp=614768 sent=yes error=-
[2026-04-04 07:09:30] reset_otp email=tututu7444@gmail.com otp=209777 sent=yes error=-
[2026-04-04 07:18:44] reset_otp email=tututu7444@gmail.com otp=485295 sent=yes error=-
[2026-04-04 07:23:03] reset_otp email=tututu7444@gmail.com otp=561825 sent=yes error=-
